<?xml version="1.0" encoding="UTF-8"?>
<!-- Generated by org.testng.reporters.JUnitReportReporter -->
<testsuite skipped="0" hostname="PRAJWAL-PC" name="com.jbk.tests.UsefulLinksPageTest" tests="1" failures="0" timestamp="15 Jul 2021 10:17:47 GMT" time="0.072" errors="0">
  <testcase name="verifyTitle" time="0.072" classname="com.jbk.tests.UsefulLinksPageTest"/>
</testsuite> <!-- com.jbk.tests.UsefulLinksPageTest -->
