<?xml version="1.0" encoding="UTF-8"?>
<!-- Generated by org.testng.reporters.JUnitReportReporter -->
<testsuite skipped="0" hostname="PRAJWAL-PC" name="com.jbk.tests.LoginPageTest" tests="1" failures="0" timestamp="17 Jul 2021 08:57:04 GMT" time="4.685" errors="0">
  <testcase name="verifyTitle" time="4.685" classname="com.jbk.tests.LoginPageTest"/>
</testsuite> <!-- com.jbk.tests.LoginPageTest -->
