<?xml version="1.0" encoding="UTF-8"?>
<!-- Generated by org.testng.reporters.JUnitReportReporter -->
<testsuite skipped="0" hostname="PRAJWAL-PC" name="com.jbk.tests.DownloadsPageTest" tests="2" failures="0" timestamp="11 Jul 2021 08:21:49 GMT" time="1.350" errors="0">
  <testcase name="verifyVendorWithVersion" time="0.590" classname="com.jbk.tests.DownloadsPageTest"/>
  <testcase name="verifyVendorWithout32And64bit" time="0.760" classname="com.jbk.tests.DownloadsPageTest"/>
</testsuite> <!-- com.jbk.tests.DownloadsPageTest -->
