<?xml version="1.0" encoding="UTF-8"?>
<!-- Generated by org.testng.reporters.JUnitReportReporter -->
<testsuite skipped="0" hostname="PRAJWAL-PC" name="com.jbk.tests.AddUserTest" tests="1" failures="0" timestamp="08 Jul 2021 12:00:21 GMT" time="4.029" errors="0">
  <testcase name="verifyAddUser" time="4.029" classname="com.jbk.tests.AddUserTest"/>
</testsuite> <!-- com.jbk.tests.AddUserTest -->
