<?xml version="1.0" encoding="UTF-8"?>
<!-- Generated by org.testng.reporters.JUnitReportReporter -->
<testsuite skipped="0" hostname="PRAJWAL-PC" name="com.jbk.tests.DashboardPageTest" tests="1" failures="0" timestamp="18 Jul 2021 10:49:55 GMT" time="9.326" errors="0">
  <testcase name="verifyCourseSymbol" time="9.326" classname="com.jbk.tests.DashboardPageTest"/>
</testsuite> <!-- com.jbk.tests.DashboardPageTest -->
